info: Connected to MongoDB
info: Listening to port 80
warn: Unable to connect to email server. Make sure you have configured the SMTP options in .env
[32minfo[39m: Connected to MongoDB
[32minfo[39m: Listening to port 80
[33mwarn[39m: Unable to connect to email server. Make sure you have configured the SMTP options in .env
[31merror[39m: Error: Not found
    at D:\Web\rode-battle-be\src\app.js:58:10
    at Layer.handle [as handle_request] (D:\Web\rode-battle-be\node_modules\express\lib\router\layer.js:95:5)
    at trim_prefix (D:\Web\rode-battle-be\node_modules\express\lib\router\index.js:317:13)
    at D:\Web\rode-battle-be\node_modules\express\lib\router\index.js:284:7
    at Function.process_params (D:\Web\rode-battle-be\node_modules\express\lib\router\index.js:335:12)
    at next (D:\Web\rode-battle-be\node_modules\express\lib\router\index.js:275:10)
    at initialize (D:\Web\rode-battle-be\node_modules\passport\lib\middleware\initialize.js:53:5)
    at Layer.handle [as handle_request] (D:\Web\rode-battle-be\node_modules\express\lib\router\layer.js:95:5)
    at trim_prefix (D:\Web\rode-battle-be\node_modules\express\lib\router\index.js:317:13)
    at D:\Web\rode-battle-be\node_modules\express\lib\router\index.js:284:7
    at Function.process_params (D:\Web\rode-battle-be\node_modules\express\lib\router\index.js:335:12)
    at next (D:\Web\rode-battle-be\node_modules\express\lib\router\index.js:275:10)
    at cors (D:\Web\rode-battle-be\node_modules\cors\lib\index.js:188:7)
    at D:\Web\rode-battle-be\node_modules\cors\lib\index.js:224:17
    at originCallback (D:\Web\rode-battle-be\node_modules\cors\lib\index.js:214:15)
    at D:\Web\rode-battle-be\node_modules\cors\lib\index.js:219:13
[31merror[39m: GET / 404 - 31.872 ms - message: Not found
[31merror[39m: Error: Not found
    at D:\Web\rode-battle-be\src\app.js:58:10
    at Layer.handle [as handle_request] (D:\Web\rode-battle-be\node_modules\express\lib\router\layer.js:95:5)
    at trim_prefix (D:\Web\rode-battle-be\node_modules\express\lib\router\index.js:317:13)
    at D:\Web\rode-battle-be\node_modules\express\lib\router\index.js:284:7
    at Function.process_params (D:\Web\rode-battle-be\node_modules\express\lib\router\index.js:335:12)
    at next (D:\Web\rode-battle-be\node_modules\express\lib\router\index.js:275:10)
    at initialize (D:\Web\rode-battle-be\node_modules\passport\lib\middleware\initialize.js:53:5)
    at Layer.handle [as handle_request] (D:\Web\rode-battle-be\node_modules\express\lib\router\layer.js:95:5)
    at trim_prefix (D:\Web\rode-battle-be\node_modules\express\lib\router\index.js:317:13)
    at D:\Web\rode-battle-be\node_modules\express\lib\router\index.js:284:7
    at Function.process_params (D:\Web\rode-battle-be\node_modules\express\lib\router\index.js:335:12)
    at next (D:\Web\rode-battle-be\node_modules\express\lib\router\index.js:275:10)
    at cors (D:\Web\rode-battle-be\node_modules\cors\lib\index.js:188:7)
    at D:\Web\rode-battle-be\node_modules\cors\lib\index.js:224:17
    at originCallback (D:\Web\rode-battle-be\node_modules\cors\lib\index.js:214:15)
    at D:\Web\rode-battle-be\node_modules\cors\lib\index.js:219:13
[31merror[39m: GET /favicon.ico 404 - 15.403 ms - message: Not found
[32minfo[39m: GET /v1/docs 301 - 7.016 ms
[32minfo[39m: GET /v1/docs/ 304 - 6.234 ms
[32minfo[39m: GET /v1/docs/swagger-ui.css 304 - 6.075 ms
[32minfo[39m: GET /v1/docs/swagger-ui-bundle.js 304 - 2.953 ms
[32minfo[39m: GET /v1/docs/swagger-ui-init.js 304 - 2.176 ms
[32minfo[39m: GET /v1/docs/swagger-ui-standalone-preset.js 304 - 3.209 ms
[34mdebug[39m: development
[32minfo[39m: Connected to MongoDB
[32minfo[39m: Listening to port 80
info: Connected to MongoDB
error: Error: bind EADDRINUSE null:80
    at listenOnPrimaryHandle (node:net:1397:18)
    at shared (node:internal/cluster/child:149:3)
    at Worker.<anonymous> (node:internal/cluster/child:106:7)
    at process.onInternalMessage (node:internal/cluster/utils:49:5)
    at process.emit (node:events:532:35)
    at emit (node:internal/child_process:936:14)
    at processTicksAndRejections (node:internal/process/task_queues:84:21)
[33mwarn[39m: Unable to connect to email server. Make sure you have configured the SMTP options in .env
[34mdebug[39m: development
[32minfo[39m: Connected to MongoDB
[32minfo[39m: Listening to port 5000
[32minfo[39m: Connected to MongoDB
[32minfo[39m: Listening to port 5000
[32minfo[39m: Connected to MongoDB
[32minfo[39m: Listening to port 5000
[33mwarn[39m: Unable to connect to email server. Make sure you have configured the SMTP options in .env
[31merror[39m: Error: Invalid user
    at Object.loginWithGoogle (D:\Web\rode-battle-be\src\services\auth.service.js:29:15)
    at processTicksAndRejections (node:internal/process/task_queues:96:5)
    at async D:\Web\rode-battle-be\src\controllers\auth.controller.js:13:18
[31merror[39m: POST /v1/auth/login 401 - 550.430 ms - message: Invalid user
[32minfo[39m: POST /v1/auth/login 200 - 52.139 ms
[32minfo[39m: Connected to MongoDB
[32minfo[39m: Listening to port 5000
[33mwarn[39m: Unable to connect to email server. Make sure you have configured the SMTP options in .env
[32minfo[39m: Connected to MongoDB
[32minfo[39m: Listening to port 5000
[32minfo[39m: Connected to MongoDB
[32minfo[39m: Listening to port 5000
[33mwarn[39m: Unable to connect to email server. Make sure you have configured the SMTP options in .env
[31merror[39m: ValidationError: Token validation failed: user: Path `user` is required.
    at model.Document.invalidate (D:\Web\rode-battle-be\node_modules\mongoose\lib\document.js:2757:32)
    at D:\Web\rode-battle-be\node_modules\mongoose\lib\document.js:2549:17
    at D:\Web\rode-battle-be\node_modules\mongoose\lib\schematype.js:1273:9
    at processTicksAndRejections (node:internal/process/task_queues:78:11)
[31merror[39m: POST /v1/auth/login 400 - 580.699 ms - message: Token validation failed: user: Path `user` is required.
[32minfo[39m: Connected to MongoDB
[32minfo[39m: Listening to port 5000
[31merror[39m: ValidationError: Token validation failed: user: Path `user` is required.
    at model.Document.invalidate (D:\Web\rode-battle-be\node_modules\mongoose\lib\document.js:2757:32)
    at D:\Web\rode-battle-be\node_modules\mongoose\lib\document.js:2549:17
    at D:\Web\rode-battle-be\node_modules\mongoose\lib\schematype.js:1273:9
    at processTicksAndRejections (node:internal/process/task_queues:78:11)
[31merror[39m: POST /v1/auth/login 400 - 580.682 ms - message: Token validation failed: user: Path `user` is required.
[33mwarn[39m: Unable to connect to email server. Make sure you have configured the SMTP options in .env
[32minfo[39m: Connected to MongoDB
[32minfo[39m: Listening to port 5000
[32minfo[39m: POST /v1/auth/login 200 - 483.405 ms
[33mwarn[39m: Unable to connect to email server. Make sure you have configured the SMTP options in .env
[32minfo[39m: Connected to MongoDB
[32minfo[39m: Listening to port 5000
[33mwarn[39m: Unable to connect to email server. Make sure you have configured the SMTP options in .env
[32minfo[39m: Connected to MongoDB
[32minfo[39m: Listening to port 5000
[33mwarn[39m: Unable to connect to email server. Make sure you have configured the SMTP options in .env
[32minfo[39m: Connected to MongoDB
[32minfo[39m: Listening to port 5000
[33mwarn[39m: Unable to connect to email server. Make sure you have configured the SMTP options in .env
[32minfo[39m: POST /v1/auth/login 200 - 520.276 ms
[32minfo[39m: Connected to MongoDB
[32minfo[39m: Listening to port 5000
[32minfo[39m: POST /v1/auth/login 200 - 446.557 ms
[33mwarn[39m: Unable to connect to email server. Make sure you have configured the SMTP options in .env
[32minfo[39m: Connected to MongoDB
[32minfo[39m: Listening to port 5000
[33mwarn[39m: Unable to connect to email server. Make sure you have configured the SMTP options in .env
[32minfo[39m: GET /v1/docs/ 200 - 21.707 ms
[32minfo[39m: GET /v1/docs/swagger-ui.css 304 - 10.183 ms
[32minfo[39m: GET /v1/docs/swagger-ui-init.js 304 - 5.138 ms
[32minfo[39m: GET /v1/docs/swagger-ui-bundle.js 304 - 19.167 ms
[32minfo[39m: GET /v1/docs/swagger-ui-standalone-preset.js 304 - 8.177 ms
[32minfo[39m: GET /v1/docs/favicon-32x32.png 304 - 1.636 ms
[32minfo[39m: GET /v1/docs/ 304 - 2.491 ms
[32minfo[39m: GET /v1/docs/swagger-ui.css 304 - 2.947 ms
[32minfo[39m: GET /v1/docs/swagger-ui-bundle.js 304 - 7.575 ms
[32minfo[39m: GET /v1/docs/swagger-ui-standalone-preset.js 304 - 10.214 ms
[32minfo[39m: GET /v1/docs/swagger-ui-init.js 304 - 1.361 ms
[32minfo[39m: GET /v1/docs/favicon-32x32.png 304 - 4.026 ms
[32minfo[39m: GET /v1/docs/ 200 - 3.277 ms
[32minfo[39m: GET /v1/docs/swagger-ui.css 200 - 9.064 ms
[32minfo[39m: GET /v1/docs/swagger-ui-init.js 200 - 1.458 ms
[32minfo[39m: GET /v1/docs/swagger-ui-standalone-preset.js 200 - 11.811 ms
[32minfo[39m: GET /v1/docs/swagger-ui-bundle.js 200 - 12.151 ms
[32minfo[39m: GET /v1/docs/favicon-32x32.png 304 - 1.932 ms
[32minfo[39m: GET /v1/docs/ 304 - 2.095 ms
[32minfo[39m: GET /v1/docs/swagger-ui.css 304 - 2.150 ms
[32minfo[39m: GET /v1/docs/swagger-ui-bundle.js 304 - 2.351 ms
[32minfo[39m: GET /v1/docs/swagger-ui-standalone-preset.js 304 - 1.563 ms
[32minfo[39m: GET /v1/docs/swagger-ui-init.js 304 - 1.366 ms
[32minfo[39m: GET /v1/docs/favicon-32x32.png 304 - 2.379 ms
[32minfo[39m: GET /v1/docs/ 304 - 2.067 ms
[32minfo[39m: GET /v1/docs/swagger-ui.css 304 - 2.747 ms
[32minfo[39m: GET /v1/docs/swagger-ui-bundle.js 304 - 3.121 ms
[32minfo[39m: GET /v1/docs/swagger-ui-standalone-preset.js 304 - 2.265 ms
[32minfo[39m: GET /v1/docs/swagger-ui-init.js 304 - 1.848 ms
[32minfo[39m: GET /v1/docs/favicon-32x32.png 304 - 1.411 ms
[32minfo[39m: GET /v1/docs/ 304 - 2.523 ms
[32minfo[39m: GET /v1/docs/swagger-ui.css 304 - 1.434 ms
[32minfo[39m: GET /v1/docs/swagger-ui-init.js 304 - 0.994 ms
[32minfo[39m: GET /v1/docs/swagger-ui-bundle.js 304 - 11.466 ms
[32minfo[39m: GET /v1/docs/swagger-ui-standalone-preset.js 304 - 14.030 ms
[32minfo[39m: GET /v1/docs/favicon-32x32.png 304 - 1.276 ms
[32minfo[39m: GET /v1/docs/ 304 - 2.041 ms
[32minfo[39m: GET /v1/docs/swagger-ui.css 304 - 2.161 ms
[32minfo[39m: GET /v1/docs/swagger-ui-bundle.js 304 - 4.154 ms
[32minfo[39m: GET /v1/docs/swagger-ui-standalone-preset.js 304 - 6.502 ms
[32minfo[39m: GET /v1/docs/swagger-ui-init.js 304 - 1.996 ms
[32minfo[39m: GET /v1/docs/ 304 - 1.825 ms
[32minfo[39m: GET /v1/docs/swagger-ui.css 304 - 1.799 ms
[32minfo[39m: GET /v1/docs/swagger-ui-bundle.js 304 - 2.400 ms
[32minfo[39m: GET /v1/docs/swagger-ui-init.js 304 - 1.448 ms
[32minfo[39m: GET /v1/docs/swagger-ui-standalone-preset.js 304 - 8.779 ms
[32minfo[39m: GET /v1/docs/favicon-32x32.png 304 - 1.857 ms
[32minfo[39m: GET /v1/docs/ 304 - 2.328 ms
[32minfo[39m: GET /v1/docs/swagger-ui.css 304 - 1.999 ms
[32minfo[39m: GET /v1/docs/swagger-ui-init.js 304 - 4.007 ms
[32minfo[39m: GET /v1/docs/swagger-ui-bundle.js 304 - 12.718 ms
[32minfo[39m: GET /v1/docs/swagger-ui-standalone-preset.js 304 - 15.084 ms
[32minfo[39m: GET /v1/docs/favicon-32x32.png 304 - 1.619 ms
[32minfo[39m: GET /v1/docs/ 200 - 2.514 ms
[32minfo[39m: GET /v1/docs/swagger-ui.css 200 - 4.505 ms
[32minfo[39m: GET /v1/docs/swagger-ui-init.js 200 - 2.572 ms
[32minfo[39m: GET /v1/docs/swagger-ui-standalone-preset.js 200 - 15.906 ms
[32minfo[39m: GET /v1/docs/swagger-ui-bundle.js 200 - 15.966 ms
[32minfo[39m: GET /v1/docs/favicon-32x32.png 304 - 1.678 ms
[32minfo[39m: GET /v1/docs/ 200 - 2.476 ms
[32minfo[39m: GET /v1/docs/swagger-ui.css 200 - 4.141 ms
[32minfo[39m: GET /v1/docs/swagger-ui-init.js 200 - 2.266 ms
[32minfo[39m: GET /v1/docs/swagger-ui-standalone-preset.js 200 - 15.358 ms
[32minfo[39m: GET /v1/docs/swagger-ui-bundle.js 200 - 17.569 ms
[32minfo[39m: GET /v1/docs/favicon-32x32.png 304 - 1.232 ms
[32minfo[39m: Connected to MongoDB
[32minfo[39m: Listening to port 5000
[33mwarn[39m: Unable to connect to email server. Make sure you have configured the SMTP options in .env
[32minfo[39m: GET /v1/docs/ 304 - 13.796 ms
[32minfo[39m: GET /v1/docs/swagger-ui.css 304 - 6.638 ms
[32minfo[39m: GET /v1/docs/swagger-ui-bundle.js 304 - 2.756 ms
[32minfo[39m: GET /v1/docs/swagger-ui-standalone-preset.js 304 - 2.715 ms
[32minfo[39m: GET /v1/docs/swagger-ui-init.js 200 - 12.012 ms
[32minfo[39m: GET /v1/docs/favicon-32x32.png 304 - 1.481 ms
[32minfo[39m: GET /v1/docs/ 304 - 2.503 ms
[32minfo[39m: GET /v1/docs/swagger-ui.css 304 - 3.975 ms
[32minfo[39m: GET /v1/docs/swagger-ui-bundle.js 304 - 7.641 ms
[32minfo[39m: GET /v1/docs/swagger-ui-standalone-preset.js 304 - 9.290 ms
[32minfo[39m: GET /v1/docs/swagger-ui-init.js 304 - 1.258 ms
[32minfo[39m: GET /v1/docs/favicon-32x32.png 304 - 2.766 ms
[32minfo[39m: GET /v1/docs/ 200 - 3.414 ms
[32minfo[39m: GET /v1/docs/swagger-ui.css 200 - 8.426 ms
[32minfo[39m: GET /v1/docs/swagger-ui-init.js 200 - 2.098 ms
[32minfo[39m: GET /v1/docs/swagger-ui-standalone-preset.js 200 - 20.431 ms
[32minfo[39m: GET /v1/docs/swagger-ui-bundle.js 200 - 21.194 ms
[32minfo[39m: GET /v1/docs/favicon-32x32.png 304 - 2.021 ms
[32minfo[39m: GET /v1/docs/ 304 - 2.037 ms
[32minfo[39m: GET /v1/docs/swagger-ui.css 304 - 1.881 ms
[32minfo[39m: GET /v1/docs/swagger-ui-bundle.js 304 - 6.359 ms
[32minfo[39m: GET /v1/docs/swagger-ui-init.js 304 - 1.623 ms
[32minfo[39m: GET /v1/docs/swagger-ui-standalone-preset.js 304 - 11.531 ms
[32minfo[39m: GET /v1/docs/favicon-32x32.png 304 - 1.694 ms
[32minfo[39m: Connected to MongoDB
[32minfo[39m: Listening to port 5000
[32minfo[39m: GET /v1/docs/ 304 - 15.610 ms
[32minfo[39m: GET /v1/docs/swagger-ui.css 304 - 6.518 ms
[32minfo[39m: GET /v1/docs/swagger-ui-bundle.js 304 - 5.409 ms
[32minfo[39m: GET /v1/docs/swagger-ui-init.js 304 - 1.483 ms
[32minfo[39m: GET /v1/docs/swagger-ui-standalone-preset.js 304 - 8.894 ms
[32minfo[39m: GET /v1/docs/favicon-32x32.png 304 - 1.233 ms
[33mwarn[39m: Unable to connect to email server. Make sure you have configured the SMTP options in .env
[32minfo[39m: GET /v1/docs/ 304 - 2.552 ms
[32minfo[39m: GET /v1/docs/swagger-ui.css 304 - 1.903 ms
[32minfo[39m: GET /v1/docs/swagger-ui-bundle.js 304 - 3.799 ms
[32minfo[39m: GET /v1/docs/swagger-ui-init.js 304 - 0.952 ms
[32minfo[39m: GET /v1/docs/swagger-ui-standalone-preset.js 304 - 8.217 ms
[32minfo[39m: GET /v1/docs/favicon-32x32.png 304 - 1.469 ms
[32minfo[39m: Connected to MongoDB
[32minfo[39m: Listening to port 5000
[32minfo[39m: GET /v1/docs/ 304 - 14.852 ms
[32minfo[39m: GET /v1/docs/swagger-ui.css 304 - 6.105 ms
[32minfo[39m: GET /v1/docs/swagger-ui-bundle.js 304 - 3.184 ms
[32minfo[39m: GET /v1/docs/swagger-ui-init.js 304 - 2.304 ms
[32minfo[39m: GET /v1/docs/swagger-ui-standalone-preset.js 304 - 11.601 ms
[32minfo[39m: GET /v1/docs/favicon-32x32.png 304 - 1.018 ms
[32minfo[39m: GET /v1/docs/ 304 - 2.808 ms
[32minfo[39m: GET /v1/docs/swagger-ui.css 304 - 3.770 ms
[32minfo[39m: GET /v1/docs/swagger-ui-bundle.js 304 - 5.016 ms
[32minfo[39m: GET /v1/docs/swagger-ui-init.js 304 - 0.994 ms
[32minfo[39m: GET /v1/docs/swagger-ui-standalone-preset.js 304 - 6.948 ms
[32minfo[39m: GET /v1/docs/favicon-32x32.png 304 - 2.427 ms
[32minfo[39m: GET /v1/docs/ 304 - 2.492 ms
[32minfo[39m: GET /v1/docs/swagger-ui.css 304 - 3.285 ms
[32minfo[39m: GET /v1/docs/swagger-ui-init.js 304 - 0.869 ms
[32minfo[39m: GET /v1/docs/swagger-ui-bundle.js 304 - 12.069 ms
[32minfo[39m: GET /v1/docs/swagger-ui-standalone-preset.js 304 - 12.272 ms
[32minfo[39m: GET /v1/docs/favicon-32x32.png 304 - 2.895 ms
[33mwarn[39m: Unable to connect to email server. Make sure you have configured the SMTP options in .env
[32minfo[39m: GET /v1/docs/ 304 - 2.136 ms
[32minfo[39m: GET /v1/docs/swagger-ui.css 304 - 2.642 ms
[32minfo[39m: GET /v1/docs/swagger-ui-bundle.js 304 - 3.329 ms
[32minfo[39m: GET /v1/docs/swagger-ui-standalone-preset.js 304 - 3.365 ms
[32minfo[39m: GET /v1/docs/swagger-ui-init.js 304 - 1.353 ms
[32minfo[39m: GET /v1/docs/favicon-32x32.png 304 - 2.190 ms
[32minfo[39m: Connected to MongoDB
[32minfo[39m: Listening to port 5000
[32minfo[39m: GET /v1/docs/ 304 - 18.699 ms
[32minfo[39m: GET /v1/docs/swagger-ui.css 304 - 9.545 ms
[32minfo[39m: GET /v1/docs/swagger-ui-bundle.js 304 - 5.497 ms
[32minfo[39m: GET /v1/docs/swagger-ui-standalone-preset.js 304 - 5.306 ms
[32minfo[39m: GET /v1/docs/swagger-ui-init.js 304 - 1.699 ms
[33mwarn[39m: Unable to connect to email server. Make sure you have configured the SMTP options in .env
[32minfo[39m: GET /v1/docs/ 304 - 2.437 ms
[32minfo[39m: GET /v1/docs/swagger-ui.css 304 - 3.085 ms
[32minfo[39m: GET /v1/docs/swagger-ui-bundle.js 304 - 2.870 ms
[32minfo[39m: GET /v1/docs/swagger-ui-init.js 304 - 1.458 ms
[32minfo[39m: GET /v1/docs/swagger-ui-standalone-preset.js 304 - 14.592 ms
[32minfo[39m: GET /v1/docs/favicon-32x32.png 304 - 1.870 ms
[32minfo[39m: Connected to MongoDB
[32minfo[39m: Listening to port 5000
[33mwarn[39m: Unable to connect to email server. Make sure you have configured the SMTP options in .env
[32minfo[39m: GET /v1/docs/ 304 - 14.116 ms
[32minfo[39m: GET /v1/docs/swagger-ui.css 304 - 4.526 ms
[32minfo[39m: GET /v1/docs/swagger-ui-bundle.js 304 - 3.162 ms
[32minfo[39m: GET /v1/docs/swagger-ui-init.js 304 - 1.141 ms
[32minfo[39m: GET /v1/docs/swagger-ui-standalone-preset.js 304 - 7.737 ms
[32minfo[39m: GET /v1/docs/favicon-32x32.png 304 - 1.363 ms
[32minfo[39m: Connected to MongoDB
[32minfo[39m: Listening to port 5000
[32minfo[39m: GET /v1/docs/ 304 - 13.044 ms
[32minfo[39m: GET /v1/docs/swagger-ui.css 304 - 4.276 ms
[32minfo[39m: GET /v1/docs/swagger-ui-bundle.js 304 - 4.280 ms
[32minfo[39m: GET /v1/docs/swagger-ui-standalone-preset.js 304 - 5.065 ms
[32minfo[39m: GET /v1/docs/swagger-ui-init.js 200 - 8.890 ms
[32minfo[39m: GET /v1/docs/favicon-32x32.png 304 - 3.052 ms
[32minfo[39m: GET /v1/docs/ 304 - 6.116 ms
[32minfo[39m: GET /v1/docs/swagger-ui.css 304 - 2.514 ms
[32minfo[39m: GET /v1/docs/swagger-ui-init.js 304 - 1.295 ms
[32minfo[39m: GET /v1/docs/swagger-ui-bundle.js 304 - 12.768 ms
[32minfo[39m: GET /v1/docs/swagger-ui-standalone-preset.js 304 - 13.198 ms
[33mwarn[39m: Unable to connect to email server. Make sure you have configured the SMTP options in .env
[32minfo[39m: Connected to MongoDB
[32minfo[39m: Listening to port 5000
[32minfo[39m: GET /v1/docs/ 304 - 18.461 ms
[32minfo[39m: GET /v1/docs/swagger-ui.css 304 - 6.102 ms
[32minfo[39m: GET /v1/docs/swagger-ui-bundle.js 304 - 4.949 ms
[32minfo[39m: GET /v1/docs/swagger-ui-standalone-preset.js 304 - 6.573 ms
[32minfo[39m: GET /v1/docs/swagger-ui-init.js 200 - 10.253 ms
[32minfo[39m: GET /v1/docs/favicon-32x32.png 304 - 2.574 ms
[33mwarn[39m: Unable to connect to email server. Make sure you have configured the SMTP options in .env
[32minfo[39m: GET /v1/docs/ 304 - 2.554 ms
[32minfo[39m: GET /v1/docs/swagger-ui.css 304 - 3.895 ms
[32minfo[39m: GET /v1/docs/swagger-ui-bundle.js 304 - 4.813 ms
[32minfo[39m: GET /v1/docs/swagger-ui-standalone-preset.js 304 - 4.072 ms
[32minfo[39m: GET /v1/docs/swagger-ui-init.js 304 - 1.475 ms
[32minfo[39m: GET /v1/docs/favicon-32x32.png 304 - 3.238 ms
[32minfo[39m: GET /v1/docs/ 304 - 2.020 ms
[32minfo[39m: GET /v1/docs/swagger-ui.css 304 - 2.952 ms
[32minfo[39m: GET /v1/docs/swagger-ui-bundle.js 304 - 2.076 ms
[32minfo[39m: GET /v1/docs/swagger-ui-init.js 304 - 1.407 ms
[32minfo[39m: GET /v1/docs/swagger-ui-standalone-preset.js 304 - 7.228 ms
[32minfo[39m: GET /v1/docs/favicon-32x32.png 304 - 2.760 ms
[32minfo[39m: GET /v1/docs/ 304 - 2.366 ms
[32minfo[39m: GET /v1/docs/swagger-ui.css 304 - 2.602 ms
[32minfo[39m: GET /v1/docs/swagger-ui-bundle.js 304 - 6.958 ms
[32minfo[39m: GET /v1/docs/swagger-ui-standalone-preset.js 304 - 7.321 ms
[32minfo[39m: GET /v1/docs/swagger-ui-init.js 304 - 1.641 ms
[32minfo[39m: GET /v1/docs/favicon-32x32.png 304 - 1.946 ms
[32minfo[39m: GET /v1/docs/ 304 - 2.022 ms
[32minfo[39m: GET /v1/docs/swagger-ui.css 304 - 1.807 ms
[32minfo[39m: GET /v1/docs/swagger-ui-bundle.js 304 - 2.072 ms
[32minfo[39m: GET /v1/docs/swagger-ui-init.js 304 - 1.608 ms
[32minfo[39m: GET /v1/docs/swagger-ui-standalone-preset.js 304 - 1.968 ms
[32minfo[39m: GET /v1/docs/favicon-32x32.png 304 - 1.363 ms
[32minfo[39m: GET /v1/docs/ 304 - 2.150 ms
[32minfo[39m: GET /v1/docs/swagger-ui.css 304 - 2.071 ms
[32minfo[39m: GET /v1/docs/swagger-ui-bundle.js 304 - 3.032 ms
[32minfo[39m: GET /v1/docs/swagger-ui-init.js 304 - 1.373 ms
[32minfo[39m: GET /v1/docs/swagger-ui-standalone-preset.js 304 - 13.025 ms
[32minfo[39m: GET /v1/docs/favicon-32x32.png 304 - 1.792 ms
[32minfo[39m: Connected to MongoDB
[32minfo[39m: Listening to port 5000
[33mwarn[39m: Unable to connect to email server. Make sure you have configured the SMTP options in .env
[32minfo[39m: GET /v1/docs/ 304 - 20.605 ms
[32minfo[39m: GET /v1/docs/swagger-ui.css 304 - 7.956 ms
[32minfo[39m: GET /v1/docs/swagger-ui-bundle.js 304 - 4.910 ms
[32minfo[39m: GET /v1/docs/swagger-ui-standalone-preset.js 304 - 17.851 ms
[32minfo[39m: GET /v1/docs/swagger-ui-init.js 200 - 11.213 ms
[32minfo[39m: GET /v1/docs/favicon-32x32.png 304 - 1.499 ms
[32minfo[39m: GET /v1/docs/ 304 - 3.336 ms
[32minfo[39m: GET /v1/docs/swagger-ui.css 304 - 2.974 ms
[32minfo[39m: GET /v1/docs/swagger-ui-init.js 304 - 0.821 ms
[32minfo[39m: GET /v1/docs/swagger-ui-bundle.js 304 - 13.017 ms
[32minfo[39m: GET /v1/docs/swagger-ui-standalone-preset.js 304 - 17.049 ms
[32minfo[39m: GET /v1/docs/favicon-32x32.png 304 - 1.397 ms
[32minfo[39m: GET /v1/docs/ 304 - 2.090 ms
[32minfo[39m: GET /v1/docs/swagger-ui.css 304 - 2.095 ms
[32minfo[39m: GET /v1/docs/swagger-ui-bundle.js 304 - 2.597 ms
[32minfo[39m: GET /v1/docs/swagger-ui-init.js 304 - 1.213 ms
[32minfo[39m: GET /v1/docs/swagger-ui-standalone-preset.js 304 - 7.011 ms
[32minfo[39m: GET /v1/docs/favicon-32x32.png 304 - 3.378 ms
[32minfo[39m: GET /v1/docs/ 304 - 5.504 ms
[32minfo[39m: GET /v1/docs/swagger-ui.css 304 - 1.661 ms
[32minfo[39m: GET /v1/docs/swagger-ui-init.js 304 - 0.691 ms
[32minfo[39m: GET /v1/docs/swagger-ui-bundle.js 304 - 6.845 ms
[32minfo[39m: GET /v1/docs/swagger-ui-standalone-preset.js 304 - 9.178 ms
[32minfo[39m: GET /v1/docs/ 304 - 1.469 ms
[32minfo[39m: GET /v1/docs/swagger-ui.css 304 - 2.745 ms
[32minfo[39m: GET /v1/docs/swagger-ui-bundle.js 304 - 2.889 ms
[32minfo[39m: GET /v1/docs/swagger-ui-standalone-preset.js 304 - 5.933 ms
[32minfo[39m: GET /v1/docs/swagger-ui-init.js 304 - 1.207 ms
[32minfo[39m: GET /v1/docs/ 304 - 2.456 ms
[32minfo[39m: GET /v1/docs/swagger-ui.css 304 - 1.426 ms
[32minfo[39m: GET /v1/docs/swagger-ui-init.js 304 - 0.921 ms
[32minfo[39m: GET /v1/docs/swagger-ui-bundle.js 304 - 7.581 ms
[32minfo[39m: GET /v1/docs/swagger-ui-standalone-preset.js 304 - 14.002 ms
[32minfo[39m: GET /v1/docs/favicon-32x32.png 304 - 1.137 ms
[32minfo[39m: GET /v1/docs/ 200 - 3.779 ms
[32minfo[39m: GET /v1/docs/swagger-ui.css 200 - 7.701 ms
[32minfo[39m: GET /v1/docs/swagger-ui-init.js 200 - 1.718 ms
[32minfo[39m: GET /v1/docs/swagger-ui-standalone-preset.js 200 - 12.022 ms
[32minfo[39m: GET /v1/docs/swagger-ui-bundle.js 200 - 9.078 ms
[32minfo[39m: GET /v1/docs/favicon-32x32.png 304 - 2.037 ms
[32minfo[39m: Connected to MongoDB
[32minfo[39m: Listening to port 5000
[32minfo[39m: GET /v1/docs/ 304 - 15.839 ms
[32minfo[39m: GET /v1/docs/swagger-ui.css 304 - 9.092 ms
[32minfo[39m: GET /v1/docs/swagger-ui-bundle.js 304 - 4.048 ms
[32minfo[39m: GET /v1/docs/swagger-ui-standalone-preset.js 304 - 16.560 ms
[32minfo[39m: GET /v1/docs/swagger-ui-init.js 200 - 10.719 ms
[32minfo[39m: GET /v1/docs/favicon-32x32.png 304 - 2.217 ms
[33mwarn[39m: Unable to connect to email server. Make sure you have configured the SMTP options in .env
[32minfo[39m: GET /v1/docs/ 304 - 2.572 ms
[32minfo[39m: GET /v1/docs/swagger-ui.css 304 - 2.359 ms
[32minfo[39m: GET /v1/docs/swagger-ui-bundle.js 304 - 4.524 ms
[32minfo[39m: GET /v1/docs/swagger-ui-init.js 304 - 0.810 ms
[32minfo[39m: GET /v1/docs/swagger-ui-standalone-preset.js 304 - 7.054 ms
[32minfo[39m: GET /v1/docs/favicon-32x32.png 304 - 2.551 ms
[32minfo[39m: Connected to MongoDB
[32minfo[39m: Listening to port 5000
[32minfo[39m: GET /v1/docs/ 304 - 14.008 ms
[32minfo[39m: GET /v1/docs/swagger-ui.css 304 - 5.505 ms
[32minfo[39m: GET /v1/docs/swagger-ui-bundle.js 304 - 4.773 ms
[32minfo[39m: GET /v1/docs/swagger-ui-standalone-preset.js 304 - 18.567 ms
[32minfo[39m: GET /v1/docs/swagger-ui-init.js 200 - 9.690 ms
[32minfo[39m: GET /v1/docs/favicon-32x32.png 304 - 3.983 ms
[33mwarn[39m: Unable to connect to email server. Make sure you have configured the SMTP options in .env
[32minfo[39m: Connected to MongoDB
[32minfo[39m: Listening to port 5000
[32minfo[39m: GET /v1/docs/ 304 - 13.931 ms
[32minfo[39m: GET /v1/docs/swagger-ui.css 304 - 7.488 ms
[32minfo[39m: GET /v1/docs/swagger-ui-bundle.js 304 - 3.462 ms
[32minfo[39m: GET /v1/docs/swagger-ui-standalone-preset.js 304 - 2.534 ms
[32minfo[39m: GET /v1/docs/swagger-ui-init.js 200 - 9.285 ms
[32minfo[39m: GET /v1/docs/favicon-32x32.png 304 - 1.986 ms
[33mwarn[39m: Unable to connect to email server. Make sure you have configured the SMTP options in .env
[32minfo[39m: POST /v1/auth/login 200 - 505.891 ms
[32minfo[39m: POST /v1/auth/login 200 - 11.612 ms
[31merror[39m: Error: Invalid user
    at Object.loginWithGoogle (D:\Web\rode-battle-be\src\services\auth.service.js:29:15)
    at processTicksAndRejections (node:internal/process/task_queues:96:5)
    at async D:\Web\rode-battle-be\src\controllers\auth.controller.js:13:18
[31merror[39m: POST /v1/auth/login 401 - 28.734 ms - message: Invalid user
[32minfo[39m: POST /v1/auth/login 200 - 9.817 ms
